Initialized native services in: C:\Users\skyng\.gradle\native
Initialized jansi services in: C:\Users\skyng\.gradle\native
Found daemon DaemonInfo{pid=21148, address=[bb9e93f6-4372-44ed-a9c6-2c12bef4778a port:59494, addresses:[/127.0.0.1]], state=Idle, lastBusy=1765271198526, context=DefaultDaemonContext[uid=5d2cfbbd-15b3-46cf-9877-0c08d5bf7626,javaHome=C:\Program Files\Eclipse Adoptium\jdk-17.0.17.10-hotspot,javaVersion=17,javaVendor=Eclipse Adoptium,daemonRegistryDir=C:\Users\skyng\.gradle\daemon,pid=21148,idleTimeout=10800000,priority=NORMAL,applyInstrumentationAgent=true,nativeServicesMode=ENABLED,daemonOpts=-XX:MaxMetaspaceSize=4G,-XX:ReservedCodeCacheSize=512m,-XX:+HeapDumpOnOutOfMemoryError,-Xmx8G,-Dfile.encoding=UTF-8,-Duser.country=US,-Duser.language=en,-Duser.variant]} however its context does not match the desired criteria.
At least one daemon option is different.
Wanted: DaemonRequestContext{jvmCriteria=C:\Program Files\Eclipse Adoptium\jdk-17.0.17.10-hotspot (from org.gradle.java.home), daemonOpts=[-XX:MaxMetaspaceSize=4G, -XX:ReservedCodeCacheSize=512m, -XX:+HeapDumpOnOutOfMemoryError, -Xmx8G, -Dfile.encoding=windows-1252, -Duser.country=US, -Duser.language=en, -Duser.variant], applyInstrumentationAgent=true, nativeServicesMode=ENABLED, priority=NORMAL}
Actual: DefaultDaemonContext[uid=5d2cfbbd-15b3-46cf-9877-0c08d5bf7626,javaHome=C:\Program Files\Eclipse Adoptium\jdk-17.0.17.10-hotspot,javaVersion=17,javaVendor=Eclipse Adoptium,daemonRegistryDir=C:\Users\skyng\.gradle\daemon,pid=21148,idleTimeout=10800000,priority=NORMAL,applyInstrumentationAgent=true,nativeServicesMode=ENABLED,daemonOpts=-XX:MaxMetaspaceSize=4G,-XX:ReservedCodeCacheSize=512m,-XX:+HeapDumpOnOutOfMemoryError,-Xmx8G,-Dfile.encoding=UTF-8,-Duser.country=US,-Duser.language=en,-Duser.variant]

  Looking for a different daemon...
The client will now receive all logging from the daemon (pid: 1648). The daemon log file: C:\Users\skyng\.gradle\daemon\8.12\daemon-1648.out.log
Starting 2nd build in daemon [uptime: 41.289 secs, performance: 100%, GC rate: 0.00/s, heap usage: 0% of 8 GiB, non-heap usage: 2% of 4 GiB]
Using 16 worker leases.
Now considering [D:\DoAn_CNPM_1\code\student_timetable_app\android, C:\src\flutter\packages\flutter_tools\gradle] as hierarchies to watch
Watching the file system is configured to be enabled if available
File system watching is active
Starting Build
Now considering [C:\src\flutter\packages\flutter_tools\gradle, D:\DoAn_CNPM_1\code\student_timetable_app\android] as hierarchies to watch

> Configure project :gradle
Evaluating project ':gradle' using build file 'C:\src\flutter\packages\flutter_tools\gradle\build.gradle.kts'.
Resolved plugin [id: 'org.gradle.java-gradle-plugin']
Resolved plugin [id: 'org.gradle.groovy']
Resolved plugin [id: 'org.gradle.kotlin.kotlin-dsl', version: '5.1.2']
Resolved plugin [id: 'org.jetbrains.kotlin.jvm', version: '1.9.20']
Using Kotlin Gradle Plugin gradle85 variant
kotlin scripting plugin: created the scripting discovery configuration: kotlinScriptDef
kotlin scripting plugin: created the scripting discovery configuration: testKotlinScriptDef
file or directory 'C:\src\flutter\packages\flutter_tools\gradle\src\main\java', not found
Resolved plugin [id: 'dev.flutter.flutter-plugin-loader', version: '1.0.0']
Resolved plugin [id: 'com.android.application', version: '8.9.1', apply: false]
Resolved plugin [id: 'org.jetbrains.kotlin.android', version: '2.1.0', apply: false]
Resolve mutations for :gradle:checkKotlinGradlePluginConfigurationErrors (Thread[Execution worker,5,main]) started.
:gradle:checkKotlinGradlePluginConfigurationErrors (Thread[Execution worker,5,main]) started.

> Task :gradle:checkKotlinGradlePluginConfigurationErrors SKIPPED
Skipping task ':gradle:checkKotlinGradlePluginConfigurationErrors' as task onlyIf 'errorDiagnostics are present' is false.
Resolve mutations for :gradle:compileKotlin (Thread[Execution worker,5,main]) started.
:gradle:compileKotlin (Thread[Execution worker,5,main]) started.

> Task :gradle:compileKotlin UP-TO-DATE
Caching disabled for task ':gradle:compileKotlin' because:
  Build cache is disabled
Skipping task ':gradle:compileKotlin' as it is up-to-date.
Resolve mutations for :gradle:compileJava (Thread[Execution worker,5,main]) started.
:gradle:compileJava (Thread[Execution worker,5,main]) started.

> Task :gradle:compileJava NO-SOURCE
Skipping task ':gradle:compileJava' as it has no source files and no previous output files.
Resolve mutations for :gradle:compileGroovy (Thread[Execution worker,5,main]) started.
:gradle:compileGroovy (Thread[Execution worker Thread 15,5,main]) started.

> Task :gradle:compileGroovy NO-SOURCE
Skipping task ':gradle:compileGroovy' as it has no source files and no previous output files.
Resolve mutations for :gradle:pluginDescriptors (Thread[Execution worker Thread 15,5,main]) started.
:gradle:pluginDescriptors (Thread[Execution worker,5,main]) started.

> Task :gradle:pluginDescriptors UP-TO-DATE
Caching disabled for task ':gradle:pluginDescriptors' because:
  Build cache is disabled
  Not worth caching
Skipping task ':gradle:pluginDescriptors' as it is up-to-date.
Resolve mutations for :gradle:processResources (Thread[Execution worker,5,main]) started.
:gradle:processResources (Thread[Execution worker,5,main]) started.

> Task :gradle:processResources UP-TO-DATE
Caching disabled for task ':gradle:processResources' because:
  Build cache is disabled
  Not worth caching
Skipping task ':gradle:processResources' as it is up-to-date.
Resolve mutations for :gradle:classes (Thread[Execution worker,5,main]) started.
:gradle:classes (Thread[Execution worker,5,main]) started.

> Task :gradle:classes UP-TO-DATE
Skipping task ':gradle:classes' as it has no actions.
Resolve mutations for :gradle:jar (Thread[Execution worker,5,main]) started.
:gradle:jar (Thread[Execution worker,5,main]) started.

> Task :gradle:jar UP-TO-DATE
Caching disabled for task ':gradle:jar' because:
  Build cache is disabled
  Not worth caching
Skipping task ':gradle:jar' as it is up-to-date.
Settings evaluated using settings file 'D:\DoAn_CNPM_1\code\student_timetable_app\android\settings.gradle.kts'.
Projects loaded. Root project using build file 'D:\DoAn_CNPM_1\code\student_timetable_app\android\build.gradle.kts'.
Included projects: [root project 'android', project ':app', project ':cloud_firestore', project ':firebase_auth', project ':firebase_core', project ':flutter_local_notifications', project ':path_provider_android', project ':shared_preferences_android', project ':workmanager_android']

> Configure project :app
Evaluating project ':app' using build file 'D:\DoAn_CNPM_1\code\student_timetable_app\android\app\build.gradle.kts'.
Resolved plugin [id: 'com.android.application']
Resolved plugin [id: 'kotlin-android']
Resolved plugin [id: 'dev.flutter.flutter-gradle-plugin']
Using default execution profile
Using Kotlin Gradle Plugin gradle85 variant
C/C++: android.ndkVersion from module build.gradle is [27.0.12077973]
C/C++: android.ndkPath from module build.gradle is not set
C/C++: ndk.dir in local.properties is not set
C/C++: Not considering ANDROID_NDK_HOME because support was removed after deprecation period.
C/C++: sdkFolder is C:\Users\skyng\AppData\Local\Android\sdk
C/C++: android.ndkVersion from module build.gradle is [27.0.12077973]
C/C++: android.ndkPath from module build.gradle is not set
C/C++: ndk.dir in local.properties is not set
C/C++: Not considering ANDROID_NDK_HOME because support was removed after deprecation period.
C/C++: sdkFolder is C:\Users\skyng\AppData\Local\Android\sdk
C/C++: android.ndkVersion from module build.gradle is [27.0.12077973]
C/C++: android.ndkPath from module build.gradle is not set
C/C++: ndk.dir in local.properties is not set
C/C++: Not considering ANDROID_NDK_HOME because support was removed after deprecation period.
C/C++: sdkFolder is C:\Users\skyng\AppData\Local\Android\sdk
C/C++: android.ndkVersion from module build.gradle is [27.0.12077973]
C/C++: android.ndkPath from module build.gradle is not set
C/C++: ndk.dir in local.properties is not set
C/C++: Not considering ANDROID_NDK_HOME because support was removed after deprecation period.
C/C++: sdkFolder is C:\Users\skyng\AppData\Local\Android\sdk
C/C++: android.ndkVersion from module build.gradle is [27.0.12077973]
C/C++: android.ndkPath from module build.gradle is not set
C/C++: ndk.dir in local.properties is not set
C/C++: Not considering ANDROID_NDK_HOME because support was removed after deprecation period.
C/C++: sdkFolder is C:\Users\skyng\AppData\Local\Android\sdk
C/C++: android.ndkVersion from module build.gradle is [27.0.12077973]
C/C++: android.ndkPath from module build.gradle is not set
C/C++: ndk.dir in local.properties is not set
C/C++: Not considering ANDROID_NDK_HOME because support was removed after deprecation period.
C/C++: sdkFolder is C:\Users\skyng\AppData\Local\Android\sdk
C/C++: android.ndkVersion from module build.gradle is [27.0.12077973]
C/C++: android.ndkPath from module build.gradle is not set
C/C++: ndk.dir in local.properties is not set
C/C++: Not considering ANDROID_NDK_HOME because support was removed after deprecation period.
C/C++: sdkFolder is C:\Users\skyng\AppData\Local\Android\sdk
C/C++: android.ndkVersion from module build.gradle is [27.0.12077973]
C/C++: android.ndkPath from module build.gradle is not set
C/C++: ndk.dir in local.properties is not set
C/C++: Not considering ANDROID_NDK_HOME because support was removed after deprecation period.
C/C++: sdkFolder is C:\Users\skyng\AppData\Local\Android\sdk
C/C++: android.ndkVersion from module build.gradle is [27.0.12077973]
C/C++: android.ndkPath from module build.gradle is not set
C/C++: ndk.dir in local.properties is not set
C/C++: Not considering ANDROID_NDK_HOME because support was removed after deprecation period.
C/C++: sdkFolder is C:\Users\skyng\AppData\Local\Android\sdk
C/C++: android.ndkVersion from module build.gradle is [27.0.12077973]
C/C++: android.ndkPath from module build.gradle is not set
C/C++: ndk.dir in local.properties is not set
C/C++: Not considering ANDROID_NDK_HOME because support was removed after deprecation period.
C/C++: sdkFolder is C:\Users\skyng\AppData\Local\Android\sdk
C/C++: android.ndkVersion from module build.gradle is [27.0.12077973]
C/C++: android.ndkPath from module build.gradle is not set
C/C++: ndk.dir in local.properties is not set
C/C++: Not considering ANDROID_NDK_HOME because support was removed after deprecation period.
C/C++: sdkFolder is C:\Users\skyng\AppData\Local\Android\sdk
C/C++: android.ndkVersion from module build.gradle is [27.0.12077973]
C/C++: android.ndkPath from module build.gradle is not set
C/C++: ndk.dir in local.properties is not set
C/C++: Not considering ANDROID_NDK_HOME because support was removed after deprecation period.
C/C++: sdkFolder is C:\Users\skyng\AppData\Local\Android\sdk
C/C++: android.ndkVersion from module build.gradle is [27.0.12077973]
C/C++: android.ndkPath from module build.gradle is not set
C/C++: ndk.dir in local.properties is not set
C/C++: Not considering ANDROID_NDK_HOME because support was removed after deprecation period.
C/C++: sdkFolder is C:\Users\skyng\AppData\Local\Android\sdk
C/C++: android.ndkVersion from module build.gradle is [27.0.12077973]
C/C++: android.ndkPath from module build.gradle is not set
C/C++: ndk.dir in local.properties is not set
C/C++: Not considering ANDROID_NDK_HOME because support was removed after deprecation period.
C/C++: sdkFolder is C:\Users\skyng\AppData\Local\Android\sdk
C/C++: android.ndkVersion from module build.gradle is [27.0.12077973]
C/C++: android.ndkPath from module build.gradle is not set
C/C++: ndk.dir in local.properties is not set
C/C++: Not considering ANDROID_NDK_HOME because support was removed after deprecation period.
C/C++: sdkFolder is C:\Users\skyng\AppData\Local\Android\sdk
C/C++: android.ndkVersion from module build.gradle is [27.0.12077973]
C/C++: android.ndkPath from module build.gradle is not set
C/C++: ndk.dir in local.properties is not set
C/C++: Not considering ANDROID_NDK_HOME because support was removed after deprecation period.
C/C++: sdkFolder is C:\Users\skyng\AppData\Local\Android\sdk
C/C++: android.ndkVersion from module build.gradle is [27.0.12077973]
C/C++: android.ndkPath from module build.gradle is not set
C/C++: ndk.dir in local.properties is not set
C/C++: Not considering ANDROID_NDK_HOME because support was removed after deprecation period.
C/C++: sdkFolder is C:\Users\skyng\AppData\Local\Android\sdk
C/C++: android.ndkVersion from module build.gradle is [27.0.12077973]
C/C++: android.ndkPath from module build.gradle is not set
C/C++: ndk.dir in local.properties is not set
C/C++: Not considering ANDROID_NDK_HOME because support was removed after deprecation period.
C/C++: sdkFolder is C:\Users\skyng\AppData\Local\Android\sdk
C/C++: android.ndkVersion from module build.gradle is [27.0.12077973]
C/C++: android.ndkPath from module build.gradle is not set
C/C++: ndk.dir in local.properties is not set
C/C++: Not considering ANDROID_NDK_HOME because support was removed after deprecation period.
C/C++: sdkFolder is C:\Users\skyng\AppData\Local\Android\sdk

> Configure project :
Evaluating root project 'android' using build file 'D:\DoAn_CNPM_1\code\student_timetable_app\android\build.gradle.kts'.

> Configure project :cloud_firestore
Evaluating project ':cloud_firestore' using build file 'C:\Users\skyng\AppData\Local\Pub\Cache\hosted\pub.dev\cloud_firestore-5.6.12\android\build.gradle'.
Using default execution profile

> Configure project :firebase_auth
Evaluating project ':firebase_auth' using build file 'C:\Users\skyng\AppData\Local\Pub\Cache\hosted\pub.dev\firebase_auth-5.7.0\android\build.gradle'.
Using default execution profile

> Configure project :firebase_core
Evaluating project ':firebase_core' using build file 'C:\Users\skyng\AppData\Local\Pub\Cache\hosted\pub.dev\firebase_core-3.15.2\android\build.gradle'.
Using default execution profile

> Configure project :flutter_local_notifications
Evaluating project ':flutter_local_notifications' using build file 'C:\Users\skyng\AppData\Local\Pub\Cache\hosted\pub.dev\flutter_local_notifications-17.2.4\android\build.gradle'.
Using default execution profile

> Configure project :path_provider_android
Evaluating project ':path_provider_android' using build file 'C:\Users\skyng\AppData\Local\Pub\Cache\hosted\pub.dev\path_provider_android-2.2.22\android\build.gradle'.
Using default execution profile

> Configure project :shared_preferences_android
Evaluating project ':shared_preferences_android' using build file 'C:\Users\skyng\AppData\Local\Pub\Cache\hosted\pub.dev\shared_preferences_android-2.4.17\android\build.gradle'.
Using default execution profile
Using Kotlin Gradle Plugin gradle85 variant

> Configure project :workmanager_android
Evaluating project ':workmanager_android' using build file 'C:\Users\skyng\AppData\Local\Pub\Cache\hosted\pub.dev\workmanager_android-0.9.0+2\android\build.gradle'.
Using default execution profile
Using Kotlin Gradle Plugin gradle85 variant
All projects evaluated.
Task name matched 'assembleDebug'
Selected primary task 'assembleDebug' from project :
Adding -Xuse-inline-scopes-numbers Kotlin compiler flag for task :app:compileDebugKotlin
Tasks to be executed: [task ':app:DebugMinSdkCheck', task ':app:preBuild', task ':app:preDebugBuild', task ':app:mergeDebugNativeDebugMetadata', task ':app:checkKotlinGradlePluginConfigurationErrors', task ':app:compileFlutterBuildDebug', task ':app:packJniLibsflutterBuildDebug', task ':cloud_firestore:preBuild', task ':cloud_firestore:preDebugBuild', task ':cloud_firestore:writeDebugAarMetadata', task ':firebase_auth:preBuild', task ':firebase_auth:preDebugBuild', task ':firebase_auth:writeDebugAarMetadata', task ':firebase_core:preBuild', task ':firebase_core:preDebugBuild', task ':firebase_core:writeDebugAarMetadata', task ':flutter_local_notifications:preBuild', task ':flutter_local_notifications:preDebugBuild', task ':flutter_local_notifications:writeDebugAarMetadata', task ':path_provider_android:preBuild', task ':path_provider_android:preDebugBuild', task ':path_provider_android:writeDebugAarMetadata', task ':shared_preferences_android:preBuild', task ':shared_preferences_android:preDebugBuild', task ':shared_preferences_android:writeDebugAarMetadata', task ':workmanager_android:preBuild', task ':workmanager_android:preDebugBuild', task ':workmanager_android:writeDebugAarMetadata', task ':app:checkDebugAarMetadata', task ':app:cleanMergeDebugAssets', task ':app:mergeDebugShaders', task ':app:compileDebugShaders', task ':app:generateDebugAssets', task ':cloud_firestore:mergeDebugShaders', task ':cloud_firestore:compileDebugShaders', task ':cloud_firestore:generateDebugAssets', task ':cloud_firestore:mergeDebugAssets', task ':firebase_auth:mergeDebugShaders', task ':firebase_auth:compileDebugShaders', task ':firebase_auth:generateDebugAssets', task ':firebase_auth:mergeDebugAssets', task ':firebase_core:mergeDebugShaders', task ':firebase_core:compileDebugShaders', task ':firebase_core:generateDebugAssets', task ':firebase_core:mergeDebugAssets', task ':flutter_local_notifications:mergeDebugShaders', task ':flutter_local_notifications:compileDebugShaders', task ':flutter_local_notifications:generateDebugAssets', task ':flutter_local_notifications:mergeDebugAssets', task ':path_provider_android:mergeDebugShaders', task ':path_provider_android:compileDebugShaders', task ':path_provider_android:generateDebugAssets', task ':path_provider_android:mergeDebugAssets', task ':shared_preferences_android:mergeDebugShaders', task ':shared_preferences_android:compileDebugShaders', task ':shared_preferences_android:generateDebugAssets', task ':shared_preferences_android:mergeDebugAssets', task ':workmanager_android:mergeDebugShaders', task ':workmanager_android:compileDebugShaders', task ':workmanager_android:generateDebugAssets', task ':workmanager_android:mergeDebugAssets', task ':app:mergeDebugAssets', task ':app:copyFlutterAssetsDebug', task ':app:generateDebugResValues', task ':cloud_firestore:generateDebugResValues', task ':cloud_firestore:generateDebugResources', task ':cloud_firestore:packageDebugResources', task ':firebase_auth:generateDebugResValues', task ':firebase_auth:generateDebugResources', task ':firebase_auth:packageDebugResources', task ':firebase_core:generateDebugResValues', task ':firebase_core:generateDebugResources', task ':firebase_core:packageDebugResources', task ':flutter_local_notifications:generateDebugResValues', task ':flutter_local_notifications:generateDebugResources', task ':flutter_local_notifications:packageDebugResources', task ':path_provider_android:generateDebugResValues', task ':path_provider_android:generateDebugResources', task ':path_provider_android:packageDebugResources', task ':shared_preferences_android:generateDebugResValues', task ':shared_preferences_android:generateDebugResources', task ':shared_preferences_android:packageDebugResources', task ':workmanager_android:generateDebugResValues', task ':workmanager_android:generateDebugResources', task ':workmanager_android:packageDebugResources', task ':app:mapDebugSourceSetPaths', task ':app:generateDebugResources', task ':app:mergeDebugResources', task ':app:packageDebugResources', task ':app:parseDebugLocalResources', task ':app:createDebugCompatibleScreenManifests', task ':app:extractDeepLinksDebug', task ':cloud_firestore:extractDeepLinksDebug', task ':cloud_firestore:processDebugManifest', task ':firebase_auth:extractDeepLinksDebug', task ':firebase_auth:processDebugManifest', task ':firebase_core:extractDeepLinksDebug', task ':firebase_core:processDebugManifest', task ':flutter_local_notifications:extractDeepLinksDebug', task ':flutter_local_notifications:processDebugManifest', task ':path_provider_android:extractDeepLinksDebug', task ':path_provider_android:processDebugManifest', task ':shared_preferences_android:extractDeepLinksDebug', task ':shared_preferences_android:processDebugManifest', task ':workmanager_android:extractDeepLinksDebug', task ':workmanager_android:processDebugManifest', task ':app:processDebugMainManifest', task ':app:processDebugManifest', task ':app:processDebugManifestForPackage', task ':cloud_firestore:compileDebugLibraryResources', task ':cloud_firestore:parseDebugLocalResources', task ':cloud_firestore:generateDebugRFile', task ':firebase_auth:compileDebugLibraryResources', task ':firebase_auth:parseDebugLocalResources', task ':firebase_auth:generateDebugRFile', task ':firebase_core:compileDebugLibraryResources', task ':firebase_core:parseDebugLocalResources', task ':firebase_core:generateDebugRFile', task ':flutter_local_notifications:compileDebugLibraryResources', task ':flutter_local_notifications:parseDebugLocalResources', task ':flutter_local_notifications:generateDebugRFile', task ':path_provider_android:compileDebugLibraryResources', task ':path_provider_android:parseDebugLocalResources', task ':path_provider_android:generateDebugRFile', task ':shared_preferences_android:compileDebugLibraryResources', task ':shared_preferences_android:parseDebugLocalResources', task ':shared_preferences_android:generateDebugRFile', task ':workmanager_android:compileDebugLibraryResources', task ':workmanager_android:parseDebugLocalResources', task ':workmanager_android:generateDebugRFile', task ':app:processDebugResources', task ':cloud_firestore:generateDebugBuildConfig', task ':cloud_firestore:javaPreCompileDebug', task ':firebase_core:generateDebugBuildConfig', task ':firebase_core:javaPreCompileDebug', task ':firebase_core:compileDebugJavaWithJavac', task ':firebase_core:bundleLibCompileToJarDebug', task ':cloud_firestore:compileDebugJavaWithJavac', task ':cloud_firestore:bundleLibCompileToJarDebug', task ':firebase_auth:generateDebugBuildConfig', task ':firebase_auth:javaPreCompileDebug', task ':firebase_auth:compileDebugJavaWithJavac', task ':firebase_auth:bundleLibCompileToJarDebug', task ':flutter_local_notifications:javaPreCompileDebug', task ':flutter_local_notifications:compileDebugJavaWithJavac', task ':flutter_local_notifications:bundleLibCompileToJarDebug', task ':path_provider_android:javaPreCompileDebug', task ':path_provider_android:compileDebugJavaWithJavac', task ':path_provider_android:bundleLibCompileToJarDebug', task ':shared_preferences_android:checkKotlinGradlePluginConfigurationErrors', task ':shared_preferences_android:compileDebugKotlin', task ':shared_preferences_android:javaPreCompileDebug', task ':shared_preferences_android:compileDebugJavaWithJavac', task ':shared_preferences_android:bundleLibCompileToJarDebug', task ':workmanager_android:checkKotlinGradlePluginConfigurationErrors', task ':workmanager_android:compileDebugKotlin', task ':workmanager_android:javaPreCompileDebug', task ':workmanager_android:compileDebugJavaWithJavac', task ':workmanager_android:bundleLibCompileToJarDebug', task ':app:compileDebugKotlin', task ':app:javaPreCompileDebug', task ':app:compileDebugJavaWithJavac', task ':app:compressDebugAssets', task ':app:processDebugJavaRes', task ':cloud_firestore:processDebugJavaRes', task ':firebase_auth:processDebugJavaRes', task ':firebase_core:processDebugJavaRes', task ':flutter_local_notifications:processDebugJavaRes', task ':path_provider_android:processDebugJavaRes', task ':shared_preferences_android:processDebugJavaRes', task ':workmanager_android:processDebugJavaRes', task ':app:mergeDebugJavaResource', task ':app:checkDebugDuplicateClasses', task ':app:desugarDebugFileDependencies', task ':app:mergeExtDexDebug', task ':cloud_firestore:bundleLibRuntimeToDirDebug', task ':firebase_auth:bundleLibRuntimeToDirDebug', task ':firebase_core:bundleLibRuntimeToDirDebug', task ':flutter_local_notifications:bundleLibRuntimeToDirDebug', task ':path_provider_android:bundleLibRuntimeToDirDebug', task ':shared_preferences_android:bundleLibRuntimeToDirDebug', task ':workmanager_android:bundleLibRuntimeToDirDebug', task ':app:mergeLibDexDebug', task ':app:dexBuilderDebug', task ':app:mergeProjectDexDebug', task ':app:configureCMakeDebug[arm64-v8a]', task ':app:buildCMakeDebug[arm64-v8a]', task ':app:configureCMakeDebug[armeabi-v7a]', task ':app:buildCMakeDebug[armeabi-v7a]', task ':app:configureCMakeDebug[x86_64]', task ':app:buildCMakeDebug[x86_64]', task ':app:mergeDebugJniLibFolders', task ':cloud_firestore:mergeDebugJniLibFolders', task ':cloud_firestore:mergeDebugNativeLibs', task ':cloud_firestore:copyDebugJniLibsProjectOnly', task ':firebase_auth:mergeDebugJniLibFolders', task ':firebase_auth:mergeDebugNativeLibs', task ':firebase_auth:copyDebugJniLibsProjectOnly', task ':firebase_core:mergeDebugJniLibFolders', task ':firebase_core:mergeDebugNativeLibs', task ':firebase_core:copyDebugJniLibsProjectOnly', task ':flutter_local_notifications:mergeDebugJniLibFolders', task ':flutter_local_notifications:mergeDebugNativeLibs', task ':flutter_local_notifications:copyDebugJniLibsProjectOnly', task ':path_provider_android:mergeDebugJniLibFolders', task ':path_provider_android:mergeDebugNativeLibs', task ':path_provider_android:copyDebugJniLibsProjectOnly', task ':shared_preferences_android:mergeDebugJniLibFolders', task ':shared_preferences_android:mergeDebugNativeLibs', task ':shared_preferences_android:copyDebugJniLibsProjectOnly', task ':workmanager_android:mergeDebugJniLibFolders', task ':workmanager_android:mergeDebugNativeLibs', task ':workmanager_android:copyDebugJniLibsProjectOnly', task ':app:mergeDebugNativeLibs', task ':app:stripDebugDebugSymbols', task ':app:validateSigningDebug', task ':app:writeDebugAppMetadata', task ':app:writeDebugSigningConfigVersions', task ':app:packageDebug', task ':app:createDebugApkListingFileRedirect', task ':app:assembleDebug', task ':cloud_firestore:stripDebugDebugSymbols', task ':cloud_firestore:copyDebugJniLibsProjectAndLocalJars', task ':cloud_firestore:extractDebugAnnotations', task ':cloud_firestore:extractDeepLinksForAarDebug', task ':cloud_firestore:mergeDebugGeneratedProguardFiles', task ':cloud_firestore:mergeDebugConsumerProguardFiles', task ':cloud_firestore:prepareDebugArtProfile', task ':cloud_firestore:prepareLintJarForPublish', task ':cloud_firestore:mergeDebugJavaResource', task ':cloud_firestore:syncDebugLibJars', task ':cloud_firestore:bundleDebugAar', task ':cloud_firestore:assembleDebug', task ':firebase_auth:stripDebugDebugSymbols', task ':firebase_auth:copyDebugJniLibsProjectAndLocalJars', task ':firebase_auth:extractDebugAnnotations', task ':firebase_auth:extractDeepLinksForAarDebug', task ':firebase_auth:mergeDebugGeneratedProguardFiles', task ':firebase_auth:mergeDebugConsumerProguardFiles', task ':firebase_auth:prepareDebugArtProfile', task ':firebase_auth:prepareLintJarForPublish', task ':firebase_auth:mergeDebugJavaResource', task ':firebase_auth:syncDebugLibJars', task ':firebase_auth:bundleDebugAar', task ':firebase_auth:assembleDebug', task ':firebase_core:stripDebugDebugSymbols', task ':firebase_core:copyDebugJniLibsProjectAndLocalJars', task ':firebase_core:extractDebugAnnotations', task ':firebase_core:extractDeepLinksForAarDebug', task ':firebase_core:mergeDebugGeneratedProguardFiles', task ':firebase_core:mergeDebugConsumerProguardFiles', task ':firebase_core:prepareDebugArtProfile', task ':firebase_core:prepareLintJarForPublish', task ':firebase_core:mergeDebugJavaResource', task ':firebase_core:syncDebugLibJars', task ':firebase_core:bundleDebugAar', task ':firebase_core:assembleDebug', task ':flutter_local_notifications:stripDebugDebugSymbols', task ':flutter_local_notifications:copyDebugJniLibsProjectAndLocalJars', task ':flutter_local_notifications:extractDebugAnnotations', task ':flutter_local_notifications:extractDeepLinksForAarDebug', task ':flutter_local_notifications:mergeDebugGeneratedProguardFiles', task ':flutter_local_notifications:mergeDebugConsumerProguardFiles', task ':flutter_local_notifications:prepareDebugArtProfile', task ':flutter_local_notifications:prepareLintJarForPublish', task ':flutter_local_notifications:mergeDebugJavaResource', task ':flutter_local_notifications:syncDebugLibJars', task ':flutter_local_notifications:bundleDebugAar', task ':flutter_local_notifications:assembleDebug', task ':path_provider_android:stripDebugDebugSymbols', task ':path_provider_android:copyDebugJniLibsProjectAndLocalJars', task ':path_provider_android:extractDebugAnnotations', task ':path_provider_android:extractDeepLinksForAarDebug', task ':path_provider_android:mergeDebugGeneratedProguardFiles', task ':path_provider_android:mergeDebugConsumerProguardFiles', task ':path_provider_android:prepareDebugArtProfile', task ':path_provider_android:prepareLintJarForPublish', task ':path_provider_android:mergeDebugJavaResource', task ':path_provider_android:syncDebugLibJars', task ':path_provider_android:bundleDebugAar', task ':path_provider_android:assembleDebug', task ':shared_preferences_android:stripDebugDebugSymbols', task ':shared_preferences_android:copyDebugJniLibsProjectAndLocalJars', task ':shared_preferences_android:extractDebugAnnotations', task ':shared_preferences_android:extractDeepLinksForAarDebug', task ':shared_preferences_android:mergeDebugGeneratedProguardFiles', task ':shared_preferences_android:mergeDebugConsumerProguardFiles', task ':shared_preferences_android:prepareDebugArtProfile', task ':shared_preferences_android:prepareLintJarForPublish', task ':shared_preferences_android:mergeDebugJavaResource', task ':shared_preferences_android:syncDebugLibJars', task ':shared_preferences_android:bundleDebugAar', task ':shared_preferences_android:assembleDebug', task ':workmanager_android:stripDebugDebugSymbols', task ':workmanager_android:copyDebugJniLibsProjectAndLocalJars', task ':workmanager_android:extractDebugAnnotations', task ':workmanager_android:extractDeepLinksForAarDebug', task ':workmanager_android:mergeDebugGeneratedProguardFiles', task ':workmanager_android:mergeDebugConsumerProguardFiles', task ':workmanager_android:prepareDebugArtProfile', task ':workmanager_android:prepareLintJarForPublish', task ':workmanager_android:mergeDebugJavaResource', task ':workmanager_android:syncDebugLibJars', task ':workmanager_android:bundleDebugAar', task ':workmanager_android:assembleDebug']
Tasks that were excluded: []
work action Parameters of ClassesDirToClassesTransform (Thread[Execution worker Thread 2,5,main]) started.
work action Parameters of DexingNoClasspathTransform (Thread[included builds,5,main]) started.
Resolve mutations for :app:DebugMinSdkCheck (Thread[included builds,5,main]) started.
:app:DebugMinSdkCheck (Thread[included builds,5,main]) started.

> Task :app:DebugMinSdkCheck
Caching disabled for task ':app:DebugMinSdkCheck' because:
  Build cache is disabled
Task ':app:DebugMinSdkCheck' is not up-to-date because:
  Task has not declared any outputs despite executing actions.
Resolve mutations for :app:preBuild (Thread[included builds,5,main]) started.
:app:preBuild (Thread[Execution worker Thread 8,5,main]) started.

> Task :app:preBuild UP-TO-DATE
Skipping task ':app:preBuild' as it has no actions.
Resolve mutations for :app:preDebugBuild (Thread[included builds,5,main]) started.
:app:preDebugBuild (Thread[included builds,5,main]) started.

> Task :app:preDebugBuild UP-TO-DATE
Skipping task ':app:preDebugBuild' as it has no actions.
Resolve mutations for :app:mergeDebugNativeDebugMetadata (Thread[included builds,5,main]) started.
:app:mergeDebugNativeDebugMetadata (Thread[included builds,5,main]) started.

> Task :app:mergeDebugNativeDebugMetadata NO-SOURCE
Skipping task ':app:mergeDebugNativeDebugMetadata' as it has no source files and no previous output files.
Resolve mutations for :app:checkKotlinGradlePluginConfigurationErrors (Thread[included builds,5,main]) started.
:app:checkKotlinGradlePluginConfigurationErrors (Thread[Execution worker Thread 10,5,main]) started.

> Task :app:checkKotlinGradlePluginConfigurationErrors SKIPPED
Skipping task ':app:checkKotlinGradlePluginConfigurationErrors' as task onlyIf 'errorDiagnostics are present' is false.
Resolve mutations for :app:compileFlutterBuildDebug (Thread[Execution worker Thread 10,5,main]) started.
:app:compileFlutterBuildDebug (Thread[Execution worker Thread 10,5,main]) started.

> Task :app:compileFlutterBuildDebug UP-TO-DATE
Caching disabled for task ':app:compileFlutterBuildDebug' because:
  Build cache is disabled
  Caching has not been enabled for the task
Skipping task ':app:compileFlutterBuildDebug' as it is up-to-date.
Resolve mutations for :app:packJniLibsflutterBuildDebug (Thread[included builds,5,main]) started.
:app:packJniLibsflutterBuildDebug (Thread[included builds,5,main]) started.

> Task :app:packJniLibsflutterBuildDebug UP-TO-DATE
Caching disabled for task ':app:packJniLibsflutterBuildDebug' because:
  Build cache is disabled
  Not worth caching
Skipping task ':app:packJniLibsflutterBuildDebug' as it is up-to-date.
Resolve mutations for :cloud_firestore:preBuild (Thread[included builds,5,main]) started.
:cloud_firestore:preBuild (Thread[Execution worker Thread 10,5,main]) started.

> Task :cloud_firestore:preBuild UP-TO-DATE
Skipping task ':cloud_firestore:preBuild' as it has no actions.
Resolve mutations for :cloud_firestore:preDebugBuild (Thread[Execution worker Thread 10,5,main]) started.
:cloud_firestore:preDebugBuild (Thread[Execution worker Thread 10,5,main]) started.

> Task :cloud_firestore:preDebugBuild UP-TO-DATE
Skipping task ':cloud_firestore:preDebugBuild' as it has no actions.
Resolve mutations for :cloud_firestore:writeDebugAarMetadata (Thread[included builds,5,main]) started.
:cloud_firestore:writeDebugAarMetadata (Thread[included builds,5,main]) started.

> Task :cloud_firestore:writeDebugAarMetadata UP-TO-DATE
Caching disabled for task ':cloud_firestore:writeDebugAarMetadata' because:
  Build cache is disabled
  Caching has been disabled for the task
Skipping task ':cloud_firestore:writeDebugAarMetadata' as it is up-to-date.
work action resolve aar-metadata.properties (project :cloud_firestore) (Thread[included builds,5,main]) started.
Resolve mutations for :firebase_auth:preBuild (Thread[included builds,5,main]) started.
:firebase_auth:preBuild (Thread[Execution worker Thread 10,5,main]) started.

> Task :firebase_auth:preBuild UP-TO-DATE
Skipping task ':firebase_auth:preBuild' as it has no actions.
Resolve mutations for :firebase_auth:preDebugBuild (Thread[Execution worker Thread 10,5,main]) started.
:firebase_auth:preDebugBuild (Thread[Execution worker Thread 8,5,main]) started.

> Task :firebase_auth:preDebugBuild UP-TO-DATE
Skipping task ':firebase_auth:preDebugBuild' as it has no actions.
Resolve mutations for :firebase_auth:writeDebugAarMetadata (Thread[Execution worker Thread 8,5,main]) started.
:firebase_auth:writeDebugAarMetadata (Thread[Execution worker Thread 10,5,main]) started.

> Task :firebase_auth:writeDebugAarMetadata UP-TO-DATE
Caching disabled for task ':firebase_auth:writeDebugAarMetadata' because:
  Build cache is disabled
  Caching has been disabled for the task
Skipping task ':firebase_auth:writeDebugAarMetadata' as it is up-to-date.
work action resolve aar-metadata.properties (project :firebase_auth) (Thread[Execution worker Thread 10,5,main]) started.
Resolve mutations for :firebase_core:preBuild (Thread[Execution worker Thread 10,5,main]) started.
:firebase_core:preBuild (Thread[Execution worker Thread 8,5,main]) started.

> Task :firebase_core:preBuild UP-TO-DATE
Skipping task ':firebase_core:preBuild' as it has no actions.
Resolve mutations for :firebase_core:preDebugBuild (Thread[Execution worker Thread 8,5,main]) started.
:firebase_core:preDebugBuild (Thread[Execution worker Thread 10,5,main]) started.

> Task :firebase_core:preDebugBuild UP-TO-DATE
Skipping task ':firebase_core:preDebugBuild' as it has no actions.
Resolve mutations for :firebase_core:writeDebugAarMetadata (Thread[Execution worker Thread 8,5,main]) started.
:firebase_core:writeDebugAarMetadata (Thread[Execution worker Thread 10,5,main]) started.

> Task :firebase_core:writeDebugAarMetadata UP-TO-DATE
Caching disabled for task ':firebase_core:writeDebugAarMetadata' because:
  Build cache is disabled
  Caching has been disabled for the task
Skipping task ':firebase_core:writeDebugAarMetadata' as it is up-to-date.
work action resolve aar-metadata.properties (project :firebase_core) (Thread[Execution worker Thread 10,5,main]) started.
Resolve mutations for :flutter_local_notifications:preBuild (Thread[Execution worker Thread 10,5,main]) started.
:flutter_local_notifications:preBuild (Thread[Execution worker Thread 10,5,main]) started.

> Task :flutter_local_notifications:preBuild UP-TO-DATE
Skipping task ':flutter_local_notifications:preBuild' as it has no actions.
Resolve mutations for :flutter_local_notifications:preDebugBuild (Thread[Execution worker Thread 10,5,main]) started.
:flutter_local_notifications:preDebugBuild (Thread[Execution worker Thread 7,5,main]) started.

> Task :flutter_local_notifications:preDebugBuild UP-TO-DATE
Skipping task ':flutter_local_notifications:preDebugBuild' as it has no actions.
Resolve mutations for :flutter_local_notifications:writeDebugAarMetadata (Thread[Execution worker Thread 7,5,main]) started.
:flutter_local_notifications:writeDebugAarMetadata (Thread[Execution worker Thread 10,5,main]) started.

> Task :flutter_local_notifications:writeDebugAarMetadata UP-TO-DATE
Caching disabled for task ':flutter_local_notifications:writeDebugAarMetadata' because:
  Build cache is disabled
  Caching has been disabled for the task
Skipping task ':flutter_local_notifications:writeDebugAarMetadata' as it is up-to-date.
work action resolve aar-metadata.properties (project :flutter_local_notifications) (Thread[Execution worker Thread 10,5,main]) started.
Resolve mutations for :path_provider_android:preBuild (Thread[Execution worker Thread 10,5,main]) started.
:path_provider_android:preBuild (Thread[Execution worker Thread 10,5,main]) started.

> Task :path_provider_android:preBuild UP-TO-DATE
Skipping task ':path_provider_android:preBuild' as it has no actions.
Resolve mutations for :path_provider_android:preDebugBuild (Thread[Execution worker Thread 10,5,main]) started.
:path_provider_android:preDebugBuild (Thread[Execution worker Thread 10,5,main]) started.

> Task :path_provider_android:preDebugBuild UP-TO-DATE
Skipping task ':path_provider_android:preDebugBuild' as it has no actions.
Resolve mutations for :path_provider_android:writeDebugAarMetadata (Thread[Execution worker Thread 10,5,main]) started.
:path_provider_android:writeDebugAarMetadata (Thread[Execution worker Thread 10,5,main]) started.

> Task :path_provider_android:writeDebugAarMetadata UP-TO-DATE
Caching disabled for task ':path_provider_android:writeDebugAarMetadata' because:
  Build cache is disabled
  Caching has been disabled for the task
Skipping task ':path_provider_android:writeDebugAarMetadata' as it is up-to-date.
work action resolve aar-metadata.properties (project :path_provider_android) (Thread[Execution worker Thread 10,5,main]) started.
Resolve mutations for :shared_preferences_android:preBuild (Thread[Execution worker Thread 11,5,main]) started.
:shared_preferences_android:preBuild (Thread[Execution worker Thread 11,5,main]) started.

> Task :shared_preferences_android:preBuild UP-TO-DATE
Skipping task ':shared_preferences_android:preBuild' as it has no actions.
Resolve mutations for :shared_preferences_android:preDebugBuild (Thread[Execution worker Thread 11,5,main]) started.
:shared_preferences_android:preDebugBuild (Thread[Execution worker Thread 14,5,main]) started.

> Task :shared_preferences_android:preDebugBuild UP-TO-DATE
Skipping task ':shared_preferences_android:preDebugBuild' as it has no actions.
Resolve mutations for :shared_preferences_android:writeDebugAarMetadata (Thread[Execution worker Thread 11,5,main]) started.
:shared_preferences_android:writeDebugAarMetadata (Thread[Execution worker Thread 11,5,main]) started.

> Task :shared_preferences_android:writeDebugAarMetadata UP-TO-DATE
Caching disabled for task ':shared_preferences_android:writeDebugAarMetadata' because:
  Build cache is disabled
  Caching has been disabled for the task
Skipping task ':shared_preferences_android:writeDebugAarMetadata' as it is up-to-date.
work action resolve aar-metadata.properties (project :shared_preferences_android) (Thread[Execution worker Thread 11,5,main]) started.
Resolve mutations for :workmanager_android:preBuild (Thread[Execution worker Thread 4,5,main]) started.
:workmanager_android:preBuild (Thread[Execution worker Thread 4,5,main]) started.

> Task :workmanager_android:preBuild UP-TO-DATE
Skipping task ':workmanager_android:preBuild' as it has no actions.
Resolve mutations for :workmanager_android:preDebugBuild (Thread[Execution worker Thread 4,5,main]) started.
:workmanager_android:preDebugBuild (Thread[Execution worker Thread 4,5,main]) started.

> Task :workmanager_android:preDebugBuild UP-TO-DATE
Skipping task ':workmanager_android:preDebugBuild' as it has no actions.
Resolve mutations for :workmanager_android:writeDebugAarMetadata (Thread[Execution worker Thread 4,5,main]) started.
:workmanager_android:writeDebugAarMetadata (Thread[Execution worker Thread 4,5,main]) started.

> Task :workmanager_android:writeDebugAarMetadata UP-TO-DATE
Caching disabled for task ':workmanager_android:writeDebugAarMetadata' because:
  Build cache is disabled
  Caching has been disabled for the task
Skipping task ':workmanager_android:writeDebugAarMetadata' as it is up-to-date.
work action resolve aar-metadata.properties (project :workmanager_android) (Thread[Execution worker Thread 4,5,main]) started.
Resolve mutations for :app:checkDebugAarMetadata (Thread[Execution worker Thread 4,5,main]) started.
:app:checkDebugAarMetadata (Thread[Execution worker Thread 4,5,main]) started.
Resolve mutations for :app:cleanMergeDebugAssets (Thread[Execution worker Thread 14,5,main]) started.
:app:cleanMergeDebugAssets (Thread[Execution worker Thread 14,5,main]) started.

> Task :app:cleanMergeDebugAssets UP-TO-DATE
Caching disabled for task ':app:cleanMergeDebugAssets' because:
  Build cache is disabled
Task ':app:cleanMergeDebugAssets' is not up-to-date because:
  Task has not declared any outputs despite executing actions.
Resolve mutations for :app:mergeDebugShaders (Thread[Execution worker Thread 14,5,main]) started.
:app:mergeDebugShaders (Thread[Execution worker Thread 14,5,main]) started.

> Task :app:mergeDebugShaders UP-TO-DATE
Caching disabled for task ':app:mergeDebugShaders' because:
  Build cache is disabled
  Simple merging task
Skipping task ':app:mergeDebugShaders' as it is up-to-date.
Resolve mutations for :app:compileDebugShaders (Thread[Execution worker Thread 3,5,main]) started.
:app:compileDebugShaders (Thread[Execution worker Thread 3,5,main]) started.

> Task :app:compileDebugShaders NO-SOURCE
Skipping task ':app:compileDebugShaders' as it has no source files and no previous output files.
Resolve mutations for :app:generateDebugAssets (Thread[Execution worker Thread 3,5,main]) started.
:app:generateDebugAssets (Thread[Execution worker Thread 3,5,main]) started.

> Task :app:generateDebugAssets UP-TO-DATE
Skipping task ':app:generateDebugAssets' as it has no actions.
Resolve mutations for :cloud_firestore:mergeDebugShaders (Thread[Execution worker Thread 3,5,main]) started.
:cloud_firestore:mergeDebugShaders (Thread[Execution worker Thread 3,5,main]) started.

> Task :cloud_firestore:mergeDebugShaders UP-TO-DATE
Caching disabled for task ':cloud_firestore:mergeDebugShaders' because:
  Build cache is disabled
  Simple merging task
Skipping task ':cloud_firestore:mergeDebugShaders' as it is up-to-date.
Resolve mutations for :cloud_firestore:compileDebugShaders (Thread[Execution worker Thread 3,5,main]) started.
:cloud_firestore:compileDebugShaders (Thread[Execution worker Thread 3,5,main]) started.

> Task :cloud_firestore:compileDebugShaders NO-SOURCE
Skipping task ':cloud_firestore:compileDebugShaders' as it has no source files and no previous output files.
Resolve mutations for :cloud_firestore:generateDebugAssets (Thread[Execution worker Thread 5,5,main]) started.
:cloud_firestore:generateDebugAssets (Thread[Execution worker Thread 3,5,main]) started.

> Task :cloud_firestore:generateDebugAssets UP-TO-DATE
Skipping task ':cloud_firestore:generateDebugAssets' as it has no actions.
Resolve mutations for :cloud_firestore:mergeDebugAssets (Thread[Execution worker Thread 3,5,main]) started.
:cloud_firestore:mergeDebugAssets (Thread[Execution worker Thread 3,5,main]) started.

> Task :cloud_firestore:mergeDebugAssets UP-TO-DATE
Caching disabled for task ':cloud_firestore:mergeDebugAssets' because:
  Build cache is disabled
  Simple merging task
Skipping task ':cloud_firestore:mergeDebugAssets' as it is up-to-date.
work action resolve mergeDebugAssets (project :cloud_firestore) (Thread[Execution worker Thread 3,5,main]) started.
Resolve mutations for :firebase_auth:mergeDebugShaders (Thread[Execution worker Thread 3,5,main]) started.
:firebase_auth:mergeDebugShaders (Thread[Execution worker Thread 3,5,main]) started.

> Task :firebase_auth:mergeDebugShaders UP-TO-DATE
Caching disabled for task ':firebase_auth:mergeDebugShaders' because:
  Build cache is disabled
  Simple merging task
Skipping task ':firebase_auth:mergeDebugShaders' as it is up-to-date.
Resolve mutations for :firebase_auth:compileDebugShaders (Thread[Execution worker Thread 3,5,main]) started.
:firebase_auth:compileDebugShaders (Thread[Execution worker Thread 3,5,main]) started.

> Task :firebase_auth:compileDebugShaders NO-SOURCE
Skipping task ':firebase_auth:compileDebugShaders' as it has no source files and no previous output files.
Resolve mutations for :firebase_auth:generateDebugAssets (Thread[Execution worker Thread 3,5,main]) started.
:firebase_auth:generateDebugAssets (Thread[Execution worker Thread 3,5,main]) started.

> Task :firebase_auth:generateDebugAssets UP-TO-DATE
Skipping task ':firebase_auth:generateDebugAssets' as it has no actions.
Resolve mutations for :firebase_auth:mergeDebugAssets (Thread[Execution worker Thread 3,5,main]) started.
:firebase_auth:mergeDebugAssets (Thread[Execution worker Thread 3,5,main]) started.

> Task :firebase_auth:mergeDebugAssets UP-TO-DATE
Caching disabled for task ':firebase_auth:mergeDebugAssets' because:
  Build cache is disabled
  Simple merging task
Skipping task ':firebase_auth:mergeDebugAssets' as it is up-to-date.
work action resolve mergeDebugAssets (project :firebase_auth) (Thread[Execution worker Thread 12,5,main]) started.
Resolve mutations for :firebase_core:mergeDebugShaders (Thread[Execution worker Thread 12,5,main]) started.
:firebase_core:mergeDebugShaders (Thread[Execution worker Thread 12,5,main]) started.

> Task :firebase_core:mergeDebugShaders UP-TO-DATE
Caching disabled for task ':firebase_core:mergeDebugShaders' because:
  Build cache is disabled
  Simple merging task
Skipping task ':firebase_core:mergeDebugShaders' as it is up-to-date.
Resolve mutations for :firebase_core:compileDebugShaders (Thread[Execution worker Thread 12,5,main]) started.
:firebase_core:compileDebugShaders (Thread[Execution worker Thread 9,5,main]) started.

> Task :firebase_core:compileDebugShaders NO-SOURCE
Skipping task ':firebase_core:compileDebugShaders' as it has no source files and no previous output files.
Resolve mutations for :firebase_core:generateDebugAssets (Thread[Execution worker Thread 12,5,main]) started.
:firebase_core:generateDebugAssets (Thread[Execution worker Thread 12,5,main]) started.

> Task :firebase_core:generateDebugAssets UP-TO-DATE
Skipping task ':firebase_core:generateDebugAssets' as it has no actions.
Resolve mutations for :firebase_core:mergeDebugAssets (Thread[Execution worker Thread 9,5,main]) started.
:firebase_core:mergeDebugAssets (Thread[Execution worker Thread 9,5,main]) started.

> Task :firebase_core:mergeDebugAssets
Caching disabled for task ':firebase_core:mergeDebugAssets' because:
  Build cache is disabled
  Simple merging task
Task ':firebase_core:mergeDebugAssets' is not up-to-date because:
  No history is available.
The input changes require a full rebuild for incremental task ':firebase_core:mergeDebugAssets'.
work action resolve mergeDebugAssets (project :firebase_core) (Thread[Execution worker Thread 9,5,main]) started.
Resolve mutations for :flutter_local_notifications:mergeDebugShaders (Thread[Execution worker Thread 12,5,main]) started.
:flutter_local_notifications:mergeDebugShaders (Thread[Execution worker Thread 12,5,main]) started.

> Task :app:checkDebugAarMetadata FAILED
Caching disabled for task ':app:checkDebugAarMetadata' because:
  Build cache is disabled
  Caching has been disabled for the task
Task ':app:checkDebugAarMetadata' is not up-to-date because:
  Input property 'aarMetadataFiles' file D:\DoAn_CNPM_1\code\student_timetable_app\build\workmanager_android\intermediates\aar_metadata\debug\writeDebugAarMetadata\aar-metadata.properties has been added.
  Input property 'aarMetadataFiles' file C:\Users\skyng\.gradle\caches\8.12\transforms\a469a230470f597d438b6971d2281e7c\transformed\work-runtime-2.10.2\META-INF\com\android\build\gradle\aar-metadata.properties has been added.
  Input property 'aarMetadataFiles' file D:\DoAn_CNPM_1\code\student_timetable_app\build\firebase_auth\intermediates\aar_metadata\debug\writeDebugAarMetadata\aar-metadata.properties has been added.
  and more...

> Task :flutter_local_notifications:mergeDebugShaders
Caching disabled for task ':flutter_local_notifications:mergeDebugShaders' because:
  Build cache is disabled
  Simple merging task
Task ':flutter_local_notifications:mergeDebugShaders' is not up-to-date because:
  No history is available.
The input changes require a full rebuild for incremental task ':flutter_local_notifications:mergeDebugShaders'.

[Incubating] Problems report is available at: file:///D:/DoAn_CNPM_1/code/student_timetable_app/build/reports/problems/problems-report.html
.\gradlew : 
At line:1 char:13
+ cd android; .\gradlew 
assembleDebug --info 2>&1 | 
Out-File -FilePath  ...
+             ~~~~~~~~~~~~~~~~~~~~
~~~~~~~~~~~~~~~
    + CategoryInfo          : Not 
   Specified: (:String) [], Remo  
  teException
    + FullyQualifiedErrorId : Nat 
   iveCommandError
 
FAILURE: Build failed with an 
exception.

* What went wrong:
Execution failed for task 
':app:checkDebugAarMetadata'.
> A failure occurred while 
executing com.android.build.gradle
.internal.tasks.CheckAarMetadataWo
rkAction
   > An issue was found when 
checking AAR metadata:
     
       1.  Dependency 
':flutter_local_notifications' 
requires core library desugaring 
to be enabled
           for :app.
     
           See https://developer.a
ndroid.com/studio/write/java8-supp
ort.html for more
           details.

* Try:
> Run with --stacktrace option to 
get the stack trace.
> Run with --debug option to get 
more log output.
> Run with --scan to get full 
insights.
> Get more help at 
https://help.gradle.org.

Deprecated Gradle features were used in this build, making it incompatible with Gradle 9.0.

You can use '--warning-mode all' to show the individual deprecation warnings and determine if they come from your own scripts or plugins.

For more on this, please refer to https://docs.gradle.org/8.12/userguide/command_line_interface.html#sec:command_line_warnings in the Gradle documentation.

BUILD FAILED in 3s
24 actionable tasks: 4 executed, 20 up-to-date
Watched directory hierarchies: [C:\src\flutter\packages\flutter_tools\gradle]
